Starting Q|R
version:   v1.0-176-gc3c7dd-dirty  
Running refinement
   input {
     xray_data {
       file_name = None
       labels = None
       high_resolution = None
       low_resolution = None
       outliers_rejection = True
       french_wilson_scale = True
       french_wilson {
         max_bins = 60
         min_bin_size = 40
       }
       sigma_fobs_rejection_criterion = None
       sigma_iobs_rejection_criterion = None
       ignore_all_zeros = True
       force_anomalous_flag_to_be_equal_to = None
       convert_to_non_anomalous_if_ratio_pairs_lone_less_than_threshold = 0.5
       r_free_flags {
         file_name = None
         label = None
         test_flag_value = None
         ignore_r_free_flags = False
         disable_suitability_test = False
         ignore_pdb_hexdigest = False
         generate = False
         fraction = 0.1
         max_free = 2000
         lattice_symmetry_max_delta = 5
         use_lattice_symmetry = True
         use_dataman_shells = False
         n_shells = 20
       }
     }
     pdb {
       file_name = None
     }
     monomers {
       file_name = None
     }
     maps {
       map_file_name = None
       d_min = None
       map_coefficients_file_name = None
       map_coefficients_label = None
     }
     sequence = None
     scattering_table = wk1995 it1992 *n_gaussian neutron electron
     wavelength = None
     energy = None
     twin_law = Auto
   }
   max_atoms = 15000
   debug = False
   cluster {
     fast_interaction = False
     charge_cutoff = 8.0
     clustering = true
     charge_embedding = False
     two_buffers = False
     maxnum_residues_in_cluster = 15
     clustering_method = gnc *bcc
     altloc_method = *average subtract
     g_scan = 10 15 20
     g_mode = None
     save_clusters = True
   }
   restraints = *cctbx qm
   quantum {
     engine_name = *mopac ani torchani terachem turbomole pyscf orca gaussian \
                   xtb
     charge = None
     basis = Auto
     method = Auto
     memory = None
     nproc = None
     qm_addon = gcp dftd3 gcp-d3
     qm_addon_method = None
   }
   refine {
     dry_run = False
     sf_algorithm = *direct fft
     refinement_target_name = *ml ls_wunit_k1
     mode = opt *refine gtest
     number_of_macro_cycles = 1
     number_of_weight_search_cycles = 50
     number_of_refine_cycles = 5
     number_of_micro_cycles = 50
     data_weight = None
     choose_best_use_r_work = False
     skip_weight_search = False
     adjust_restraints_weight_scale_value = 2
     max_iterations_weight = 50
     max_iterations_refine = 50
     use_ase_lbfgs = False
     line_search = True
     stpmax = 0.2
     gradient_only = true
     update_all_scales = True
     refine_sites = True
     refine_adp = False
     restraints_weight_scale = 1.0
     shake_sites = False
     use_convergence_test = true
     max_bond_rmsd = 0.005
     max_r_work_r_free_gap = 5.0
     r_tolerance = 0.001
     rmsd_tolerance = 0.01
     opt_log = 1
     pre_opt = False
     pre_opt_stpmax = 0.1
     pre_opt_iter = 10
     pre_opt_switch = 2
     pre_opt_gconv = 3000
   }
   parallel {
     method = *multiprocessing slurm pbs sge lsf threading
     nproc = None
     qsub_command = None
   }
   output_file_name_prefix = None
   output_folder_name = "pdb"
   shared_disk = True
   rst_file = None
   dump_gradients = None

Setting QM defaults
  Setting QM method to PM7

 params.gradient_only True

***********************************************************
restart info will be stored in /home/qr/RSR_v1.0-176/3a5x_cctbx_refine_tight/pdb/placed_model_complete.rst.pickle
***********************************************************


GEOMETRY RESTRAINTS LIBRARY: GEOSTD + MONOMER LIBRARY
DEVIATIONS FROM IDEAL VALUES.
  BOND      :  0.013   0.077   3639
  ANGLE     :  1.530  10.866   4942
  CHIRALITY :  0.119   0.381    608
  PLANARITY :  0.010   0.036    660
  DIHEDRAL  : 20.664 178.086   1313
  MIN NONBONDED DISTANCE : 2.382

MOLPROBITY STATISTICS.
  ALL-ATOM CLASHSCORE : 17.79
  RAMACHANDRAN PLOT:
    OUTLIERS :  2.85 %
    ALLOWED  : 10.57 %
    FAVORED  : 86.59 %
  ROTAMER OUTLIERS :  8.72 %
  CBETA DEVIATIONS :  0.00 %
  PEPTIDE PLANE:
    CIS-PROLINE     : 0.00 %
    CIS-GENERAL     : 0.00 %
    TWISTED PROLINE : 0.00 %
    TWISTED GENERAL : 0.00 %
Resolution of map is: 3.7274
Map-model correlation coefficient (CC)
  CC_mask  : 0.2920
RSR  weight= None bond: 0.013 angle: 1.53 clash: 17.8 rota: 8.72 rama_f: 86.59 rama_o: 2.85 cb: 0.00 shift=0.0000 cc_mask=0.2920
RSR: weights to try: [0.1, 1.0, 10, 20, 30, 40, 50, 200]
RSR  weight= 0.10 bond: 0.002 angle: 0.60 clash: 1.4 rota: 6.41 rama_f: 90.45 rama_o: 0.81 cb: 0.00 shift=0.1525 cc_mask=0.3055
DEV: b_rmsd=  0.0024 clash= 1.3900 rota= 6.4103 rama_fav= 90.4472 cbeta= 0.0000
RSR  weight= 1.00 bond: 0.005 angle: 0.75 clash: 4.7 rota: 6.67 rama_f: 89.23 rama_o: 1.63 cb: 0.00 shift=0.2301 cc_mask=0.3423
DEV: b_rmsd=  0.0051 clash= 4.7262 rota= 6.6667 rama_fav= 89.2276 cbeta= 0.0000
RSR: weight_best: 0.1
RSR: new_weights: [0.1, 0.2, 0.5, 0.7]
RSR: weights to try: [0.1, 0.2, 0.5, 0.7]
RSR  weight= 0.10 bond: 0.002 angle: 0.60 clash: 1.4 rota: 6.41 rama_f: 90.45 rama_o: 0.81 cb: 0.00 shift=0.1525 cc_mask=0.3055
DEV: b_rmsd=  0.0024 clash= 1.3900 rota= 6.4103 rama_fav= 90.4472 cbeta= 0.0000
RSR  weight= 0.20 bond: 0.002 angle: 0.61 clash: 1.7 rota: 6.67 rama_f: 90.24 rama_o: 0.61 cb: 0.00 shift=0.1552 cc_mask=0.3090
DEV: b_rmsd=  0.0025 clash= 1.6681 rota= 6.6667 rama_fav= 90.2439 cbeta= 0.0000
RSR: weight_best: 0.1
RSR (start macro-cycles) weight= 0.10 bond: 0.002 angle: 0.60 clash: 1.4 rota: 6.41 rama_f: 90.45 rama_o: 0.81 cb: 0.00 shift=0.1525 cc_mask=0.3055
RSR  weight= 0.10 bond: 0.002 angle: 0.51 clash: 2.1 rota: 5.13 rama_f: 92.07 rama_o: 0.61 cb: 0.00 shift=0.1970 cc_mask=0.3077
RSR  weight= 0.10 bond: 0.001 angle: 0.46 clash: 2.2 rota: 3.59 rama_f: 92.89 rama_o: 0.81 cb: 0.00 shift=0.2261 cc_mask=0.3096
RSR  weight= 0.10 bond: 0.001 angle: 0.42 clash: 2.4 rota: 2.05 rama_f: 92.68 rama_o: 0.81 cb: 0.00 shift=0.2891 cc_mask=0.3129
RSR  weight= 0.10 bond: 0.001 angle: 0.41 clash: 1.9 rota: 2.05 rama_f: 92.68 rama_o: 0.81 cb: 0.00 shift=0.2965 cc_mask=0.3137
RSR  weight= 0.10 bond: 0.001 angle: 0.39 clash: 2.4 rota: 2.05 rama_f: 92.48 rama_o: 0.41 cb: 0.00 shift=0.3245 cc_mask=0.3168

GEOMETRY RESTRAINTS LIBRARY: GEOSTD + MONOMER LIBRARY
DEVIATIONS FROM IDEAL VALUES.
  BOND      :  0.001   0.013   3639
  ANGLE     :  0.393   5.169   4942
  CHIRALITY :  0.027   0.097    608
  PLANARITY :  0.001   0.010    660
  DIHEDRAL  : 11.430 179.926   1313
  MIN NONBONDED DISTANCE : 2.126

MOLPROBITY STATISTICS.
  ALL-ATOM CLASHSCORE : 2.36
  RAMACHANDRAN PLOT:
    OUTLIERS :  0.41 %
    ALLOWED  :  7.11 %
    FAVORED  : 92.48 %
  ROTAMER OUTLIERS :  2.05 %
  CBETA DEVIATIONS :  0.00 %
  PEPTIDE PLANE:
    CIS-PROLINE     : 0.00 %
    CIS-GENERAL     : 0.00 %
    TWISTED PROLINE : 0.00 %
    TWISTED GENERAL : 0.00 %
Resolution of map is: 3.7274
Map-model correlation coefficient (CC)
  CC_mask  : 0.3168
Time: 6817.7849
