Starting Q|R
version:   v1.0-176-gc3c7dd-dirty  
Running refinement
   input {
     xray_data {
       file_name = None
       labels = None
       high_resolution = None
       low_resolution = None
       outliers_rejection = True
       french_wilson_scale = True
       french_wilson {
         max_bins = 60
         min_bin_size = 40
       }
       sigma_fobs_rejection_criterion = None
       sigma_iobs_rejection_criterion = None
       ignore_all_zeros = True
       force_anomalous_flag_to_be_equal_to = None
       convert_to_non_anomalous_if_ratio_pairs_lone_less_than_threshold = 0.5
       r_free_flags {
         file_name = None
         label = None
         test_flag_value = None
         ignore_r_free_flags = False
         disable_suitability_test = False
         ignore_pdb_hexdigest = False
         generate = False
         fraction = 0.1
         max_free = 2000
         lattice_symmetry_max_delta = 5
         use_lattice_symmetry = True
         use_dataman_shells = False
         n_shells = 20
       }
     }
     pdb {
       file_name = None
     }
     monomers {
       file_name = None
     }
     maps {
       map_file_name = None
       d_min = None
       map_coefficients_file_name = None
       map_coefficients_label = None
     }
     sequence = None
     scattering_table = wk1995 it1992 *n_gaussian neutron electron
     wavelength = None
     energy = None
     twin_law = Auto
   }
   max_atoms = 15000
   debug = False
   cluster {
     fast_interaction = False
     charge_cutoff = 8.0
     clustering = true
     charge_embedding = False
     two_buffers = False
     maxnum_residues_in_cluster = 15
     clustering_method = gnc *bcc
     altloc_method = *average subtract
     g_scan = 10 15 20
     g_mode = None
     save_clusters = True
   }
   restraints = *cctbx qm
   quantum {
     engine_name = *mopac ani torchani terachem turbomole pyscf orca gaussian \
                   xtb
     charge = None
     basis = Auto
     method = Auto
     memory = None
     nproc = None
     qm_addon = gcp dftd3 gcp-d3
     qm_addon_method = None
   }
   refine {
     dry_run = False
     sf_algorithm = *direct fft
     refinement_target_name = *ml ls_wunit_k1
     mode = opt *refine gtest
     number_of_macro_cycles = 1
     number_of_weight_search_cycles = 50
     number_of_refine_cycles = 5
     number_of_micro_cycles = 50
     data_weight = None
     choose_best_use_r_work = False
     skip_weight_search = False
     adjust_restraints_weight_scale_value = 2
     max_iterations_weight = 50
     max_iterations_refine = 50
     use_ase_lbfgs = False
     line_search = True
     stpmax = 0.2
     gradient_only = true
     update_all_scales = True
     refine_sites = True
     refine_adp = False
     restraints_weight_scale = 1.0
     shake_sites = False
     use_convergence_test = true
     max_bond_rmsd = 0.003
     max_r_work_r_free_gap = 5.0
     r_tolerance = 0.001
     rmsd_tolerance = 0.01
     opt_log = 1
     pre_opt = False
     pre_opt_stpmax = 0.1
     pre_opt_iter = 10
     pre_opt_switch = 2
     pre_opt_gconv = 3000
   }
   parallel {
     method = *multiprocessing slurm pbs sge lsf threading
     nproc = None
     qsub_command = None
   }
   output_file_name_prefix = None
   output_folder_name = "pdb"
   shared_disk = True
   rst_file = None
   dump_gradients = None

Setting QM defaults
  Setting QM method to PM7

 params.gradient_only True

***********************************************************
restart info will be stored in /home/qr/RSR_v1.0-176/3j63_cctbx_refine_v1.0-176/3j63_cctbx_refine_tight/pdb/3j63_A_box_complete.rst.pickle
***********************************************************


GEOMETRY RESTRAINTS LIBRARY: GEOSTD + MONOMER LIBRARY
DEVIATIONS FROM IDEAL VALUES.
  BOND      :  0.003   0.019    713
  ANGLE     :  1.007   8.260    959
  CHIRALITY :  0.071   0.176    112
  PLANARITY :  0.004   0.038    124
  DIHEDRAL  : 20.794 179.818    274
  MIN NONBONDED DISTANCE : 2.290

MOLPROBITY STATISTICS.
  ALL-ATOM CLASHSCORE : 50.84
  RAMACHANDRAN PLOT:
    OUTLIERS :  4.49 %
    ALLOWED  : 10.11 %
    FAVORED  : 85.39 %
  ROTAMER OUTLIERS :  5.48 %
  CBETA DEVIATIONS :  0.00 %
  PEPTIDE PLANE:
    CIS-PROLINE     : 0.00 %
    CIS-GENERAL     : 0.00 %
    TWISTED PROLINE : 0.00 %
    TWISTED GENERAL : 0.00 %
Resolution of map is: 3.8275
Map-model correlation coefficient (CC)
  CC_mask  : 0.6747
RSR  weight= None bond: 0.003 angle: 1.01 clash: 50.8 rota: 5.48 rama_f: 85.39 rama_o: 4.49 cb: 0.00 shift=0.0000 cc_mask=0.6747
RSR: weights to try: [0.1, 1.0, 10, 20, 30, 40, 50, 200]
RSR  weight= 0.10 bond: 0.003 angle: 0.70 clash: 4.2 rota: 4.11 rama_f: 91.01 rama_o: 0.00 cb: 0.00 shift=0.1569 cc_mask=0.6699
DEV: b_rmsd=  0.0028 clash= 4.1783 rota= 4.1096 rama_fav= 91.0112 cbeta= 0.0000
RSR  weight= 1.00 bond: 0.003 angle: 0.70 clash: 3.5 rota: 4.11 rama_f: 91.01 rama_o: 0.00 cb: 0.00 shift=0.1581 cc_mask=0.6743
DEV: b_rmsd=  0.0027 clash= 3.4819 rota= 4.1096 rama_fav= 91.0112 cbeta= 0.0000
RSR  weight=10.00 bond: 0.014 angle: 1.22 clash: 21.6 rota: 8.22 rama_f: 75.28 rama_o: 1.12 cb: 0.00 shift=0.2809 cc_mask=0.7199
DEV: b_rmsd=  0.0142 clash= 20.8914 rota= 8.2192 rama_fav= 75.2809 cbeta= 0.0000
RSR: weight_best: 1.0
RSR: new_weights: [1, 2, 3, 4, 5, 6, 7, 8, 9]
RSR: weights to try: [1, 2, 3, 4, 5, 6, 7, 8, 9]
RSR  weight= 1.00 bond: 0.003 angle: 0.70 clash: 3.5 rota: 4.11 rama_f: 91.01 rama_o: 0.00 cb: 0.00 shift=0.1581 cc_mask=0.6743
DEV: b_rmsd=  0.0027 clash= 3.4819 rota= 4.1096 rama_fav= 91.0112 cbeta= 0.0000
RSR  weight= 2.00 bond: 0.004 angle: 0.71 clash: 4.9 rota: 4.11 rama_f: 89.89 rama_o: 0.00 cb: 0.00 shift=0.1561 cc_mask=0.6799
DEV: b_rmsd=  0.0035 clash= 4.8747 rota= 4.1096 rama_fav= 89.8876 cbeta= 0.0000
RSR: weight_best: 1
RSR (start macro-cycles) weight= 1.00 bond: 0.003 angle: 0.70 clash: 3.5 rota: 4.11 rama_f: 91.01 rama_o: 0.00 cb: 0.00 shift=0.1581 cc_mask=0.6743
RSR  weight= 1.00 bond: 0.002 angle: 0.58 clash: 5.6 rota: 4.11 rama_f: 93.26 rama_o: 0.00 cb: 0.00 shift=0.1990 cc_mask=0.6724
RSR  weight= 1.00 bond: 0.002 angle: 0.53 clash: 5.6 rota: 5.48 rama_f: 96.63 rama_o: 0.00 cb: 0.00 shift=0.2755 cc_mask=0.6708
RSR  weight= 1.00 bond: 0.002 angle: 0.51 clash: 4.9 rota: 5.48 rama_f: 97.75 rama_o: 0.00 cb: 0.00 shift=0.2911 cc_mask=0.6708
RSR  weight= 1.00 bond: 0.002 angle: 0.49 clash: 3.5 rota: 4.11 rama_f: 96.63 rama_o: 0.00 cb: 0.00 shift=0.3363 cc_mask=0.6715
RSR  weight= 1.00 bond: 0.002 angle: 0.48 clash: 3.5 rota: 5.48 rama_f: 96.63 rama_o: 0.00 cb: 0.00 shift=0.3471 cc_mask=0.6714

GEOMETRY RESTRAINTS LIBRARY: GEOSTD + MONOMER LIBRARY
DEVIATIONS FROM IDEAL VALUES.
  BOND      :  0.002   0.017    713
  ANGLE     :  0.483   4.616    959
  CHIRALITY :  0.023   0.108    112
  PLANARITY :  0.002   0.017    124
  DIHEDRAL  : 15.839 179.898    274
  MIN NONBONDED DISTANCE : 2.222

MOLPROBITY STATISTICS.
  ALL-ATOM CLASHSCORE : 3.48
  RAMACHANDRAN PLOT:
    OUTLIERS :  0.00 %
    ALLOWED  :  3.37 %
    FAVORED  : 96.63 %
  ROTAMER OUTLIERS :  5.48 %
  CBETA DEVIATIONS :  0.00 %
  PEPTIDE PLANE:
    CIS-PROLINE     : 0.00 %
    CIS-GENERAL     : 0.00 %
    TWISTED PROLINE : 0.00 %
    TWISTED GENERAL : 0.00 %
Resolution of map is: 3.8275
Map-model correlation coefficient (CC)
  CC_mask  : 0.6714
Time: 973.5513
