Starting Q|R
version:   v1.0-176-gc3c7dd-dirty  
Running refinement
   input {
     xray_data {
       file_name = None
       labels = None
       high_resolution = None
       low_resolution = None
       outliers_rejection = True
       french_wilson_scale = True
       french_wilson {
         max_bins = 60
         min_bin_size = 40
       }
       sigma_fobs_rejection_criterion = None
       sigma_iobs_rejection_criterion = None
       ignore_all_zeros = True
       force_anomalous_flag_to_be_equal_to = None
       convert_to_non_anomalous_if_ratio_pairs_lone_less_than_threshold = 0.5
       r_free_flags {
         file_name = None
         label = None
         test_flag_value = None
         ignore_r_free_flags = False
         disable_suitability_test = False
         ignore_pdb_hexdigest = False
         generate = False
         fraction = 0.1
         max_free = 2000
         lattice_symmetry_max_delta = 5
         use_lattice_symmetry = True
         use_dataman_shells = False
         n_shells = 20
       }
     }
     pdb {
       file_name = None
     }
     monomers {
       file_name = None
     }
     maps {
       map_file_name = None
       d_min = None
       map_coefficients_file_name = None
       map_coefficients_label = None
     }
     sequence = None
     scattering_table = wk1995 it1992 *n_gaussian neutron electron
     wavelength = None
     energy = None
     twin_law = Auto
   }
   max_atoms = 15000
   debug = False
   cluster {
     fast_interaction = False
     charge_cutoff = 8.0
     clustering = true
     charge_embedding = False
     two_buffers = False
     maxnum_residues_in_cluster = 15
     clustering_method = gnc *bcc
     altloc_method = *average subtract
     g_scan = 10 15 20
     g_mode = None
     save_clusters = True
   }
   restraints = *cctbx qm
   quantum {
     engine_name = *mopac ani torchani terachem turbomole pyscf orca gaussian \
                   xtb
     charge = None
     basis = Auto
     method = Auto
     memory = None
     nproc = None
     qm_addon = gcp dftd3 gcp-d3
     qm_addon_method = None
   }
   refine {
     dry_run = False
     sf_algorithm = *direct fft
     refinement_target_name = *ml ls_wunit_k1
     mode = opt *refine gtest
     number_of_macro_cycles = 1
     number_of_weight_search_cycles = 50
     number_of_refine_cycles = 5
     number_of_micro_cycles = 50
     data_weight = None
     choose_best_use_r_work = False
     skip_weight_search = False
     adjust_restraints_weight_scale_value = 2
     max_iterations_weight = 50
     max_iterations_refine = 50
     use_ase_lbfgs = False
     line_search = True
     stpmax = 0.2
     gradient_only = true
     update_all_scales = True
     refine_sites = True
     refine_adp = False
     restraints_weight_scale = 1.0
     shake_sites = False
     use_convergence_test = true
     max_bond_rmsd = 0.004
     max_r_work_r_free_gap = 5.0
     r_tolerance = 0.001
     rmsd_tolerance = 0.01
     opt_log = 1
     pre_opt = False
     pre_opt_stpmax = 0.1
     pre_opt_iter = 10
     pre_opt_switch = 2
     pre_opt_gconv = 3000
   }
   parallel {
     method = *multiprocessing slurm pbs sge lsf threading
     nproc = None
     qsub_command = None
   }
   output_file_name_prefix = None
   output_folder_name = "pdb"
   shared_disk = True
   rst_file = None
   dump_gradients = None

Setting QM defaults
  Setting QM method to PM7

 params.gradient_only True

***********************************************************
restart info will be stored in /home/qr/RSR_v1.0-176/5fn5_cctbx_refine_v1.0-176/5fn5_cctbx_refine_tight/pdb/chain_c_box_complete.rst.pickle
***********************************************************


GEOMETRY RESTRAINTS LIBRARY: GEOSTD + MONOMER LIBRARY
DEVIATIONS FROM IDEAL VALUES.
  BOND      :  0.013   0.070   1925
  ANGLE     :  1.763  10.907   2626
  CHIRALITY :  0.113   0.436    308
  PLANARITY :  0.007   0.060    320
  DIHEDRAL  : 19.833 179.847    638
  MIN NONBONDED DISTANCE : 1.269

MOLPROBITY STATISTICS.
  ALL-ATOM CLASHSCORE : 14.27
  RAMACHANDRAN PLOT:
    OUTLIERS :  2.07 %
    ALLOWED  :  7.05 %
    FAVORED  : 90.87 %
  ROTAMER OUTLIERS : 18.13 %
  CBETA DEVIATIONS :  2.27 %
  PEPTIDE PLANE:
    CIS-PROLINE     : 0.00 %
    CIS-GENERAL     : 0.85 %
    TWISTED PROLINE : 0.00 %
    TWISTED GENERAL : 0.85 %
Resolution of map is: 4.6382
Map-model correlation coefficient (CC)
  CC_mask  : 0.6430
RSR  weight= None bond: 0.013 angle: 1.76 clash: 14.3 rota: 18.13 rama_f: 90.87 rama_o: 2.07 cb: 2.27 shift=0.0000 cc_mask=0.6430
RSR: weights to try: [0.1, 1.0, 10, 20, 30, 40, 50, 200]
RSR  weight= 0.10 bond: 0.003 angle: 0.74 clash: 3.7 rota: 14.51 rama_f: 88.80 rama_o: 1.66 cb: 0.00 shift=0.1522 cc_mask=0.6497
DEV: b_rmsd=  0.0031 clash= 3.6998 rota= 14.5078 rama_fav= 88.7967 cbeta= 0.0000
RSR  weight= 1.00 bond: 0.003 angle: 0.74 clash: 3.7 rota: 14.51 rama_f: 88.80 rama_o: 1.66 cb: 0.00 shift=0.1505 cc_mask=0.6514
DEV: b_rmsd=  0.0031 clash= 3.6998 rota= 14.5078 rama_fav= 88.7967 cbeta= 0.0000
RSR  weight=10.00 bond: 0.011 angle: 1.09 clash: 18.5 rota: 17.62 rama_f: 83.40 rama_o: 2.90 cb: 0.00 shift=0.2330 cc_mask=0.6709
DEV: b_rmsd=  0.0114 clash= 18.4989 rota= 17.6166 rama_fav= 83.4025 cbeta= 0.0000
RSR: weight_best: 1.0
RSR: new_weights: [1, 2, 3, 4, 5, 6, 7, 8, 9]
RSR: weights to try: [1, 2, 3, 4, 5, 6, 7, 8, 9]
RSR  weight= 1.00 bond: 0.003 angle: 0.74 clash: 3.7 rota: 14.51 rama_f: 88.80 rama_o: 1.66 cb: 0.00 shift=0.1505 cc_mask=0.6514
DEV: b_rmsd=  0.0031 clash= 3.6998 rota= 14.5078 rama_fav= 88.7967 cbeta= 0.0000
RSR  weight= 2.00 bond: 0.004 angle: 0.74 clash: 4.2 rota: 15.03 rama_f: 88.80 rama_o: 2.07 cb: 0.00 shift=0.1510 cc_mask=0.6535
DEV: b_rmsd=  0.0035 clash= 4.2283 rota= 15.0259 rama_fav= 88.7967 cbeta= 0.0000
RSR: weight_best: 1
RSR (start macro-cycles) weight= 1.00 bond: 0.003 angle: 0.74 clash: 3.7 rota: 14.51 rama_f: 88.80 rama_o: 1.66 cb: 0.00 shift=0.1505 cc_mask=0.6514
RSR  weight= 1.00 bond: 0.002 angle: 0.63 clash: 5.0 rota: 12.95 rama_f: 90.46 rama_o: 0.83 cb: 0.00 shift=0.1934 cc_mask=0.6533
RSR  weight= 1.00 bond: 0.002 angle: 0.56 clash: 6.1 rota: 9.84 rama_f: 91.29 rama_o: 0.41 cb: 0.00 shift=0.2445 cc_mask=0.6565
RSR  weight= 1.00 bond: 0.002 angle: 0.54 clash: 5.8 rota: 8.81 rama_f: 91.70 rama_o: 0.41 cb: 0.00 shift=0.2772 cc_mask=0.6588
RSR  weight= 1.00 bond: 0.002 angle: 0.52 clash: 5.0 rota: 8.29 rama_f: 92.12 rama_o: 0.41 cb: 0.00 shift=0.2938 cc_mask=0.6604
RSR  weight= 1.00 bond: 0.002 angle: 0.50 clash: 6.3 rota: 7.25 rama_f: 89.21 rama_o: 0.83 cb: 0.00 shift=0.3520 cc_mask=0.6644

GEOMETRY RESTRAINTS LIBRARY: GEOSTD + MONOMER LIBRARY
DEVIATIONS FROM IDEAL VALUES.
  BOND      :  0.002   0.016   1925
  ANGLE     :  0.499   5.153   2626
  CHIRALITY :  0.030   0.097    308
  PLANARITY :  0.002   0.029    320
  DIHEDRAL  : 14.014 127.408    638
  MIN NONBONDED DISTANCE : 2.020

MOLPROBITY STATISTICS.
  ALL-ATOM CLASHSCORE : 6.34
  RAMACHANDRAN PLOT:
    OUTLIERS :  0.83 %
    ALLOWED  :  9.96 %
    FAVORED  : 89.21 %
  ROTAMER OUTLIERS :  7.25 %
  CBETA DEVIATIONS :  0.00 %
  PEPTIDE PLANE:
    CIS-PROLINE     : 0.00 %
    CIS-GENERAL     : 0.85 %
    TWISTED PROLINE : 0.00 %
    TWISTED GENERAL : 0.00 %
Resolution of map is: 4.6382
Map-model correlation coefficient (CC)
  CC_mask  : 0.6644
Time: 2501.8025
